# JRE version: Java(TM) SE Runtime Environment (8.0_45-b14) (build 1.8.0_45-b14)
# Java VM: Java HotSpot(TM) 64-Bit Server VM (25.45-b02 mixed mode linux-amd64 compressed oops)
Heap:
 PSYoungGen      total 36352K, used 23272K [0x00000000d7980000, 0x00000000dc080000, 0x0000000100000000)
  eden space 31232K, 58% used [0x00000000d7980000,0x00000000d8b3fb60,0x00000000d9800000)
  from space 5120K, 99% used [0x00000000d9800000,0x00000000d9cfa680,0x00000000d9d00000)
  to   space 5120K, 0% used [0x00000000dbb80000,0x00000000dbb80000,0x00000000dc080000)
 ParOldGen       total 83456K, used 15571K [0x0000000086c00000, 0x000000008bd80000, 0x00000000d7980000)
  object space 83456K, 18% used [0x0000000086c00000,0x0000000087b34ee0,0x000000008bd80000)
 Metaspace       used 21080K, capacity 21204K, committed 21296K, reserved 1067008K
  class space    used 3035K, capacity 3109K, committed 3120K, reserved 1048576K
GC Heap History (6 events):
Event: 0,566 GC heap before
{Heap before GC invocations=1 (full 0):
 PSYoungGen      total 36352K, used 31232K [0x00000000d7980000, 0x00000000da200000, 0x0000000100000000)
  eden space 31232K, 100% used [0x00000000d7980000,0x00000000d9800000,0x00000000d9800000)
  from space 5120K, 0% used [0x00000000d9d00000,0x00000000d9d00000,0x00000000da200000)
  to   space 5120K, 0% used [0x00000000d9800000,0x00000000d9800000,0x00000000d9d00000)
 ParOldGen       total 83456K, used 0K [0x0000000086c00000, 0x000000008bd80000, 0x00000000d7980000)
  object space 83456K, 0% used [0x0000000086c00000,0x0000000086c00000,0x000000008bd80000)
 Metaspace       used 9758K, capacity 9918K, committed 10112K, reserved 1058816K
  class space    used 1241K, capacity 1309K, committed 1408K, reserved 1048576K
Event: 0,575 GC heap after
Heap after GC invocations=1 (full 0):
 PSYoungGen      total 36352K, used 5114K [0x00000000d7980000, 0x00000000dc080000, 0x0000000100000000)
  eden space 31232K, 0% used [0x00000000d7980000,0x00000000d7980000,0x00000000d9800000)
  from space 5120K, 99% used [0x00000000d9800000,0x00000000d9cfea00,0x00000000d9d00000)
  to   space 5120K, 0% used [0x00000000dbb80000,0x00000000dbb80000,0x00000000dc080000)
 ParOldGen       total 83456K, used 2451K [0x0000000086c00000, 0x000000008bd80000, 0x00000000d7980000)
  object space 83456K, 2% used [0x0000000086c00000,0x0000000086e64e00,0x000000008bd80000)
 Metaspace       used 9758K, capacity 9918K, committed 10112K, reserved 1058816K
  class space    used 1241K, capacity 1309K, committed 1408K, reserved 1048576K
}
Event: 3,452 GC heap before
{Heap before GC invocations=2 (full 0):
 PSYoungGen      total 36352K, used 36346K [0x00000000d7980000, 0x00000000dc080000, 0x0000000100000000)
  eden space 31232K, 100% used [0x00000000d7980000,0x00000000d9800000,0x00000000d9800000)
  from space 5120K, 99% used [0x00000000d9800000,0x00000000d9cfea00,0x00000000d9d00000)
  to   space 5120K, 0% used [0x00000000dbb80000,0x00000000dbb80000,0x00000000dc080000)
 ParOldGen       total 83456K, used 2451K [0x0000000086c00000, 0x000000008bd80000, 0x00000000d7980000)
  object space 83456K, 2% used [0x0000000086c00000,0x0000000086e64e00,0x000000008bd80000)
 Metaspace       used 13978K, capacity 14126K, committed 14464K, reserved 1062912K
  class space    used 1805K, capacity 1859K, committed 1920K, reserved 1048576K
Event: 3,464 GC heap after
Heap after GC invocations=2 (full 0):
 PSYoungGen      total 36352K, used 5114K [0x00000000d7980000, 0x00000000dc080000, 0x0000000100000000)
  eden space 31232K, 0% used [0x00000000d7980000,0x00000000d7980000,0x00000000d9800000)
  from space 5120K, 99% used [0x00000000dbb80000,0x00000000dc07ea00,0x00000000dc080000)
  to   space 5120K, 0% used [0x00000000d9800000,0x00000000d9800000,0x00000000d9d00000)
 ParOldGen       total 83456K, used 9532K [0x0000000086c00000, 0x000000008bd80000, 0x00000000d7980000)
  object space 83456K, 11% used [0x0000000086c00000,0x000000008754f048,0x000000008bd80000)
 Metaspace       used 13978K, capacity 14126K, committed 14464K, reserved 1062912K
  class space    used 1805K, capacity 1859K, committed 1920K, reserved 1048576K
}
Event: 3,802 GC heap before
{Heap before GC invocations=3 (full 0):
 PSYoungGen      total 36352K, used 36346K [0x00000000d7980000, 0x00000000dc080000, 0x0000000100000000)
  eden space 31232K, 100% used [0x00000000d7980000,0x00000000d9800000,0x00000000d9800000)
  from space 5120K, 99% used [0x00000000dbb80000,0x00000000dc07ea00,0x00000000dc080000)
  to   space 5120K, 0% used [0x00000000d9800000,0x00000000d9800000,0x00000000d9d00000)
 ParOldGen       total 83456K, used 9532K [0x0000000086c00000, 0x000000008bd80000, 0x00000000d7980000)
  object space 83456K, 11% used [0x0000000086c00000,0x000000008754f048,0x000000008bd80000)
 Metaspace       used 18824K, capacity 18964K, committed 19200K, reserved 1064960K
  class space    used 2721K, capacity 2789K, committed 2816K, reserved 1048576K
Event: 3,814 GC heap after
Heap after GC invocations=3 (full 0):
 PSYoungGen      total 36352K, used 5097K [0x00000000d7980000, 0x00000000dc080000, 0x0000000100000000)
  eden space 31232K, 0% used [0x00000000d7980000,0x00000000d7980000,0x00000000d9800000)
  from space 5120K, 99% used [0x00000000d9800000,0x00000000d9cfa680,0x00000000d9d00000)
  to   space 5120K, 0% used [0x00000000dbb80000,0x00000000dbb80000,0x00000000dc080000)
 ParOldGen       total 83456K, used 15571K [0x0000000086c00000, 0x000000008bd80000, 0x00000000d7980000)
  object space 83456K, 18% used [0x0000000086c00000,0x0000000087b34ee0,0x000000008bd80000)
 Metaspace       used 18824K, capacity 18964K, committed 19200K, reserved 1064960K
  class space    used 2721K, capacity 2789K, committed 2816K, reserved 1048576K
}

